# JRE version: OpenJDK Runtime Environment (21.0.2+13) (build 21.0.2+13-58)
# Java VM: OpenJDK 64-Bit Server VM (21.0.2+13-58, mixed mode, sharing, tiered, compressed oops, compressed class ptrs, g1 gc, windows-amd64)
GC Precious Log:
 CardTable entry size: 512
 Card Set container configuration: InlinePtr #cards 5 size 8 Array Of Cards #cards 12 size 40 Howl #buckets 4 coarsen threshold 1843 Howl Bitmap #cards 512 size 80 coarsen threshold 460 Card regions per heap region 1 cards per card region 2048
 CPUs: 12 total, 12 available
 Memory: 6005M
 Large Page Support: Disabled
 NUMA Support: Disabled
 Compressed Oops: Enabled (32-bit)
 Heap Region Size: 1M
 Heap Min Capacity: 8M
 Heap Initial Capacity: 94M
 Heap Max Capacity: 1502M
 Pre-touch: Disabled
 Parallel Workers: 10
 Concurrent Workers: 3
 Concurrent Refinement Workers: 10
 Periodic GC: Disabled
Heap:
 garbage-first heap   total 62464K, used 43220K [0x00000000a2200000, 0x0000000100000000)
  region size 1024K, 15 young (15360K), 2 survivors (2048K)
 Metaspace       used 76517K, committed 77248K, reserved 1179648K
  class space    used 10351K, committed 10688K, reserved 1048576K
GC Heap History (20 events):
Event: 9.121 GC heap before
{Heap before GC invocations=4 (full 0):
 garbage-first heap   total 51200K, used 38912K [0x00000000a2200000, 0x0000000100000000)
  region size 1024K, 30 young (30720K), 6 survivors (6144K)
 Metaspace       used 24641K, committed 25024K, reserved 1114112K
  class space    used 3145K, committed 3328K, reserved 1048576K
}
Event: 9.132 GC heap after
{Heap after GC invocations=5 (full 0):
 garbage-first heap   total 51200K, used 15972K [0x00000000a2200000, 0x0000000100000000)
  region size 1024K, 3 young (3072K), 3 survivors (3072K)
 Metaspace       used 24641K, committed 25024K, reserved 1114112K
  class space    used 3145K, committed 3328K, reserved 1048576K
}
Event: 9.980 GC heap before
{Heap before GC invocations=5 (full 0):
 garbage-first heap   total 51200K, used 39524K [0x00000000a2200000, 0x0000000100000000)
  region size 1024K, 26 young (26624K), 3 survivors (3072K)
 Metaspace       used 28970K, committed 29504K, reserved 1114112K
  class space    used 3795K, committed 4032K, reserved 1048576K
}
Event: 9.991 GC heap after
{Heap after GC invocations=6 (full 0):
 garbage-first heap   total 51200K, used 18219K [0x00000000a2200000, 0x0000000100000000)
  region size 1024K, 3 young (3072K), 3 survivors (3072K)
 Metaspace       used 28970K, committed 29504K, reserved 1114112K
  class space    used 3795K, committed 4032K, reserved 1048576K
}
Event: 10.758 GC heap before
{Heap before GC invocations=6 (full 0):
 garbage-first heap   total 51200K, used 40747K [0x00000000a2200000, 0x0000000100000000)
  region size 1024K, 25 young (25600K), 3 survivors (3072K)
 Metaspace       used 33915K, committed 34432K, reserved 1114112K
  class space    used 4399K, committed 4608K, reserved 1048576K
}
Event: 10.763 GC heap after
{Heap after GC invocations=7 (full 0):
 garbage-first heap   total 51200K, used 19994K [0x00000000a2200000, 0x0000000100000000)
  region size 1024K, 2 young (2048K), 2 survivors (2048K)
 Metaspace       used 33915K, committed 34432K, reserved 1114112K
  class space    used 4399K, committed 4608K, reserved 1048576K
}
Event: 10.983 GC heap before
{Heap before GC invocations=7 (full 0):
 garbage-first heap   total 51200K, used 25114K [0x00000000a2200000, 0x0000000100000000)
  region size 1024K, 8 young (8192K), 2 survivors (2048K)
 Metaspace       used 35612K, committed 36096K, reserved 1114112K
  class space    used 4645K, committed 4864K, reserved 1048576K
}
Event: 10.986 GC heap after
{Heap after GC invocations=8 (full 0):
 garbage-first heap   total 51200K, used 20268K [0x00000000a2200000, 0x0000000100000000)
  region size 1024K, 1 young (1024K), 1 survivors (1024K)
 Metaspace       used 35612K, committed 36096K, reserved 1114112K
  class space    used 4645K, committed 4864K, reserved 1048576K
}
Event: 11.752 GC heap before
{Heap before GC invocations=9 (full 0):
 garbage-first heap   total 51200K, used 41772K [0x00000000a2200000, 0x0000000100000000)
  region size 1024K, 22 young (22528K), 1 survivors (1024K)
 Metaspace       used 41283K, committed 41856K, reserved 1114112K
  class space    used 5504K, committed 5760K, reserved 1048576K
}
Event: 11.754 GC heap after
{Heap after GC invocations=10 (full 0):
 garbage-first heap   total 61440K, used 21741K [0x00000000a2200000, 0x0000000100000000)
  region size 1024K, 2 young (2048K), 2 survivors (2048K)
 Metaspace       used 41283K, committed 41856K, reserved 1114112K
  class space    used 5504K, committed 5760K, reserved 1048576K
}
Event: 13.150 GC heap before
{Heap before GC invocations=10 (full 0):
 garbage-first heap   total 61440K, used 50413K [0x00000000a2200000, 0x0000000100000000)
  region size 1024K, 31 young (31744K), 2 survivors (2048K)
 Metaspace       used 52009K, committed 52672K, reserved 1114112K
  class space    used 6808K, committed 7104K, reserved 1048576K
}
Event: 13.155 GC heap after
{Heap after GC invocations=11 (full 0):
 garbage-first heap   total 61440K, used 24030K [0x00000000a2200000, 0x0000000100000000)
  region size 1024K, 4 young (4096K), 4 survivors (4096K)
 Metaspace       used 52009K, committed 52672K, reserved 1114112K
  class space    used 6808K, committed 7104K, reserved 1048576K
}
Event: 14.032 GC heap before
{Heap before GC invocations=11 (full 0):
 garbage-first heap   total 61440K, used 45534K [0x00000000a2200000, 0x0000000100000000)
  region size 1024K, 27 young (27648K), 4 survivors (4096K)
 Metaspace       used 59888K, committed 60480K, reserved 1114112K
  class space    used 8047K, committed 8320K, reserved 1048576K
}
Event: 14.037 GC heap after
{Heap after GC invocations=12 (full 0):
 garbage-first heap   total 61440K, used 25341K [0x00000000a2200000, 0x0000000100000000)
  region size 1024K, 2 young (2048K), 2 survivors (2048K)
 Metaspace       used 59888K, committed 60480K, reserved 1114112K
  class space    used 8047K, committed 8320K, reserved 1048576K
}
Event: 14.964 GC heap before
{Heap before GC invocations=13 (full 0):
 garbage-first heap   total 61440K, used 52989K [0x00000000a2200000, 0x0000000100000000)
  region size 1024K, 29 young (29696K), 2 survivors (2048K)
 Metaspace       used 65602K, committed 66240K, reserved 1114112K
  class space    used 8876K, committed 9152K, reserved 1048576K
}
Event: 14.968 GC heap after
{Heap after GC invocations=14 (full 0):
 garbage-first heap   total 61440K, used 27787K [0x00000000a2200000, 0x0000000100000000)
  region size 1024K, 4 young (4096K), 4 survivors (4096K)
 Metaspace       used 65602K, committed 66240K, reserved 1114112K
  class space    used 8876K, committed 9152K, reserved 1048576K
}
Event: 15.650 GC heap before
{Heap before GC invocations=14 (full 0):
 garbage-first heap   total 61440K, used 52363K [0x00000000a2200000, 0x0000000100000000)
  region size 1024K, 29 young (29696K), 4 survivors (4096K)
 Metaspace       used 69318K, committed 70016K, reserved 1114112K
  class space    used 9415K, committed 9728K, reserved 1048576K
}
Event: 15.656 GC heap after
{Heap after GC invocations=15 (full 0):
 garbage-first heap   total 62464K, used 30777K [0x00000000a2200000, 0x0000000100000000)
  region size 1024K, 4 young (4096K), 4 survivors (4096K)
 Metaspace       used 69318K, committed 70016K, reserved 1114112K
  class space    used 9415K, committed 9728K, reserved 1048576K
}
Event: 42.450 GC heap before
{Heap before GC invocations=15 (full 0):
 garbage-first heap   total 62464K, used 52281K [0x00000000a2200000, 0x0000000100000000)
  region size 1024K, 26 young (26624K), 4 survivors (4096K)
 Metaspace       used 75513K, committed 76224K, reserved 1179648K
  class space    used 10270K, committed 10624K, reserved 1048576K
}
Event: 42.456 GC heap after
{Heap after GC invocations=16 (full 0):
 garbage-first heap   total 62464K, used 31956K [0x00000000a2200000, 0x0000000100000000)
  region size 1024K, 2 young (2048K), 2 survivors (2048K)
 Metaspace       used 75513K, committed 76224K, reserved 1179648K
  class space    used 10270K, committed 10624K, reserved 1048576K
}

